<?xml version="1.0" encoding="UTF-8"?>
<!-- Generated by org.testng.reporters.JUnitReportReporter -->
<testsuite hostname="DESKTOP-32SHS3O" name="Priority.PriorityTest1" tests="4" failures="0" timestamp="21 Sep 2024 08:46:16 GMT" time="2.374" errors="0">
  <testcase name="verifyTitleOfPage" time="0.023" classname="Priority.PriorityTest1"/>
  <testcase name="verifyText" time="0.036" classname="Priority.PriorityTest1"/>
  <testcase name="logoutPage" time="0.258" classname="Priority.PriorityTest1"/>
  <testcase name="loginPage" time="2.057" classname="Priority.PriorityTest1"/>
</testsuite> <!-- Priority.PriorityTest1 -->
