<?xml version="1.0" encoding="UTF-8"?>
<!-- Generated by org.testng.reporters.JUnitReportReporter -->
<testsuite hostname="DESKTOP-32SHS3O" name="WebTable.WebTable_Verify" tests="1" failures="0" timestamp="11 Sep 2024 07:44:50 GMT" time="1.685" errors="0">
  <testcase name="verifyWebTable" time="1.685" classname="WebTable.WebTable_Verify"/>
</testsuite> <!-- WebTable.WebTable_Verify -->
