<?xml version="1.0" encoding="UTF-8"?>
<!-- Generated by org.testng.reporters.JUnitReportReporter -->
<testsuite hostname="DESKTOP-32SHS3O" name="Dropdown.Kosmik_Dropdown" tests="2" failures="0" timestamp="10 Sep 2024 08:10:17 GMT" time="3.007" errors="0">
  <testcase name="verifyDropdownList" time="1.688" classname="Dropdown.Kosmik_Dropdown"/>
  <testcase name="loginPage" time="1.319" classname="Dropdown.Kosmik_Dropdown"/>
</testsuite> <!-- Dropdown.Kosmik_Dropdown -->
