<?xml version="1.0" encoding="UTF-8"?>
<!-- Generated by org.testng.reporters.JUnitReportReporter -->
<testsuite hostname="DESKTOP-32SHS3O" name="TestNG.Login_xls" tests="1" failures="0" timestamp="9 Sep 2024 07:44:18 GMT" time="5.778" errors="0">
  <testcase name="login_xls" time="5.778" classname="TestNG.Login_xls"/>
</testsuite> <!-- TestNG.Login_xls -->
