<?xml version="1.0" encoding="UTF-8"?>
<!-- Generated by org.testng.reporters.JUnitReportReporter -->
<testsuite hostname="DESKTOP-32SHS3O" name="Login_Property.LoginTest" tests="2" failures="0" timestamp="21 Sep 2024 05:28:19 GMT" time="5.246" errors="0">
  <testcase name="verifyWelcomePage" time="3.296" classname="Login_Property.LoginTest"/>
  <testcase name="loginPage" time="1.950" classname="Login_Property.LoginTest"/>
</testsuite> <!-- Login_Property.LoginTest -->
