<?xml version="1.0" encoding="UTF-8"?>
<!-- Generated by org.testng.reporters.JUnitReportReporter -->
<testsuite hostname="DESKTOP-32SHS3O" name="Grouping.GroupTest2" tests="2" failures="0" timestamp="22 Sep 2024 07:39:11 GMT" time="13.182" errors="0">
  <testcase name="logoutButtonClick" time="3.496" classname="Grouping.GroupTest2"/>
  <testcase name="loginButtonClick" time="9.686" classname="Grouping.GroupTest2"/>
</testsuite> <!-- Grouping.GroupTest2 -->
