<?xml version="1.0" encoding="UTF-8"?>
<!-- Generated by org.testng.reporters.JUnitReportReporter -->
<testsuite hostname="DESKTOP-32SHS3O" name="Priority.Prioritytest" tests="5" failures="0" timestamp="21 Sep 2024 08:07:42 GMT" time="0.031" errors="0">
  <testcase name="login" time="0.016" classname="Priority.Prioritytest"/>
  <testcase name="checkAccountDetails" time="0.015" classname="Priority.Prioritytest"/>
  <testcase name="logout" time="0.000" classname="Priority.Prioritytest"/>
  <testcase name="verifyTitle" time="0.000" classname="Priority.Prioritytest"/>
  <testcase name="verifyWelcomePage" time="0.000" classname="Priority.Prioritytest"/>
</testsuite> <!-- Priority.Prioritytest -->
