<?xml version="1.0" encoding="UTF-8"?>
<!-- Generated by org.testng.reporters.JUnitReportReporter -->
<testsuite hostname="DESKTOP-32SHS3O" name="Grouping.Group1" tests="3" failures="0" timestamp="21 Sep 2024 16:15:57 GMT" time="0.015" errors="0">
  <testcase name="composeMail" time="0.000" classname="Grouping.Group1"/>
  <testcase name="loginPage" time="0.015" classname="Grouping.Group1"/>
  <testcase name="checkMailInbox" time="0.000" classname="Grouping.Group1"/>
</testsuite> <!-- Grouping.Group1 -->
