<?xml version="1.0" encoding="UTF-8"?>
<!-- Generated by org.testng.reporters.JUnitReportReporter -->
<testsuite hostname="DESKTOP-32SHS3O" name="ScreenShot.Test1" tests="1" failures="0" timestamp="21 Sep 2024 04:14:23 GMT" time="12.702" errors="0">
  <testcase name="screenShot" time="12.702" classname="ScreenShot.Test1"/>
</testsuite> <!-- ScreenShot.Test1 -->
