<?xml version="1.0" encoding="UTF-8"?>
<!-- Generated by org.testng.reporters.JUnitReportReporter -->
<testsuite hostname="DESKTOP-32SHS3O" name="TestNG.Test1" tests="1" failures="0" timestamp="4 Sep 2024 09:24:16 GMT" time="0.028" errors="0">
  <testcase name="verifyTitlePage" time="0.028" classname="TestNG.Test1"/>
</testsuite> <!-- TestNG.Test1 -->
