<?xml version="1.0" encoding="UTF-8"?>
<!-- Generated by org.testng.reporters.JUnitReportReporter -->
<testsuite hostname="DESKTOP-32SHS3O" name="Grouping.Group2" tests="5" failures="0" timestamp="21 Sep 2024 16:15:57 GMT" time="0.000" errors="0">
  <testcase name="composeMail" time="0.000" classname="Grouping.Group2"/>
  <testcase name="loginPage" time="0.000" classname="Grouping.Group2"/>
  <testcase name="checkSpam" time="0.000" classname="Grouping.Group2"/>
  <testcase name="checkDrafts" time="0.000" classname="Grouping.Group2"/>
  <testcase name="checkMailInbox" time="0.000" classname="Grouping.Group2"/>
</testsuite> <!-- Grouping.Group2 -->
