<?xml version="1.0" encoding="UTF-8"?>
<!-- Generated by org.testng.reporters.JUnitReportReporter -->
<testsuite hostname="DESKTOP-32SHS3O" name="Parallel_Testing.ParallelTest" tests="3" failures="0" timestamp="13 Oct 2024 11:07:46 GMT" time="4.714" errors="0">
  <testcase name="loginPage" time="2.229" classname="Parallel_Testing.ParallelTest"/>
  <testcase name="loginPage" time="1.239" classname="Parallel_Testing.ParallelTest"/>
  <testcase name="loginPage" time="1.246" classname="Parallel_Testing.ParallelTest"/>
</testsuite> <!-- Parallel_Testing.ParallelTest -->
