<?xml version="1.0" encoding="UTF-8"?>
<!-- Generated by org.testng.reporters.JUnitReportReporter -->
<testsuite hostname="DESKTOP-32SHS3O" name="Grouping.GroupTest1" tests="1" failures="0" timestamp="22 Sep 2024 07:35:22 GMT" time="11.163" errors="0">
  <testcase name="loginButtonClick" time="11.163" classname="Grouping.GroupTest1"/>
</testsuite> <!-- Grouping.GroupTest1 -->
