<?xml version="1.0" encoding="UTF-8"?>
<!-- Generated by org.testng.reporters.JUnitReportReporter -->
<testsuite hostname="DESKTOP-32SHS3O" name="Excel_Test.Login_Xlsx" tests="1" failures="0" timestamp="9 Sep 2024 11:12:55 GMT" time="3.394" errors="0">
  <testcase name="loginUsingXlsx" time="3.394" classname="Excel_Test.Login_Xlsx"/>
</testsuite> <!-- Excel_Test.Login_Xlsx -->
