<?xml version="1.0" encoding="UTF-8"?>
<!-- Generated by org.testng.reporters.JUnitReportReporter -->
<testsuite hostname="DESKTOP-32SHS3O" name="Dropdown.Drop_Down" tests="1" failures="0" timestamp="10 Sep 2024 08:19:00 GMT" time="2.685" errors="0">
  <testcase name="verifyDropdownList" time="2.685" classname="Dropdown.Drop_Down"/>
</testsuite> <!-- Dropdown.Drop_Down -->
