<?xml version="1.0" encoding="UTF-8"?>
<!-- Generated by org.testng.reporters.JUnitReportReporter -->
<testsuite hostname="DESKTOP-32SHS3O" name="Parallel_Testing.ParameterTest" tests="2" failures="0" timestamp="24 Sep 2024 13:12:39 GMT" time="0.017" errors="0">
  <testcase name="test" time="0.017" classname="Parallel_Testing.ParameterTest"/>
  <testcase name="test" time="0.000" classname="Parallel_Testing.ParameterTest"/>
</testsuite> <!-- Parallel_Testing.ParameterTest -->
