<?xml version="1.0" encoding="UTF-8"?>
<!-- Generated by org.testng.reporters.JUnitReportReporter -->
<testsuite hostname="DESKTOP-32SHS3O" name="Dropdown.Orange_Dropdown" tests="2" failures="0" timestamp="10 Sep 2024 08:21:58 GMT" time="3.000" errors="0">
  <testcase name="verifyDropdownList" time="1.164" classname="Dropdown.Orange_Dropdown"/>
  <testcase name="loginPage" time="1.836" classname="Dropdown.Orange_Dropdown"/>
</testsuite> <!-- Dropdown.Orange_Dropdown -->
