<?xml version="1.0" encoding="UTF-8"?>
<!-- Generated by org.testng.reporters.JUnitReportReporter -->
<testsuite hostname="DESKTOP-32SHS3O" name="TestNG.Test3" tests="2" failures="0" timestamp="4 Sep 2024 14:10:53 GMT" time="1.849" errors="0">
  <testcase name="verifyTitileOfPage" time="0.014" classname="TestNG.Test3"/>
  <testcase name="loginPage" time="1.835" classname="TestNG.Test3"/>
</testsuite> <!-- TestNG.Test3 -->
